<?xml version="1.0" encoding="UTF-8"?>
<testng-results ignored="0" total="11" passed="11" failed="0" skipped="0">
  <reporter-output>
  </reporter-output>
  <suite started-at="2021-09-27T08:49:23 IST" name="Suite" finished-at="2021-09-27T08:51:37 IST" duration-ms="133237">
    <groups>
    </groups>
    <test started-at="2021-09-27T08:49:23 IST" name="Test" finished-at="2021-09-27T08:51:37 IST" duration-ms="133237">
      <class name="Test.GamingChair">
        <test-method signature="gamingChair()[pri:0, instance:Test.GamingChair@33352f32]" started-at="2021-09-27T08:50:00 IST" name="gamingChair" finished-at="2021-09-27T08:50:06 IST" duration-ms="6532" status="PASS">
          <reporter-output>
          </reporter-output>
        </test-method> <!-- gamingChair -->
      </class> <!-- Test.GamingChair -->
      <class name="Test.WishList">
        <test-method signature="wishlist()[pri:0, instance:Test.WishList@2552f2cb]" started-at="2021-09-27T08:49:41 IST" name="wishlist" finished-at="2021-09-27T08:50:00 IST" duration-ms="19078" status="PASS">
          <reporter-output>
          </reporter-output>
        </test-method> <!-- wishlist -->
      </class> <!-- Test.WishList -->
      <class name="Test.Navigate">
        <test-method signature="navigate()[pri:0, instance:Test.Navigate@3ebff828]" started-at="2021-09-27T08:49:30 IST" name="navigate" finished-at="2021-09-27T08:49:41 IST" duration-ms="10516" status="PASS">
          <reporter-output>
          </reporter-output>
        </test-method> <!-- navigate -->
      </class> <!-- Test.Navigate -->
      <class name="Test.BookShelf">
        <test-method signature="bookshelf()[pri:0, instance:Test.BookShelf@2cf23c81]" started-at="2021-09-27T08:50:31 IST" name="bookshelf" finished-at="2021-09-27T08:50:43 IST" duration-ms="11080" status="PASS">
          <reporter-output>
          </reporter-output>
        </test-method> <!-- bookshelf -->
      </class> <!-- Test.BookShelf -->
      <class name="Test.Login">
        <test-method signature="login(java.lang.String, java.lang.String)[pri:0, instance:Test.Login@3624da92]" started-at="2021-09-27T08:50:43 IST" name="login" data-provider="getdata" finished-at="2021-09-27T08:50:59 IST" duration-ms="15562" status="PASS">
          <params>
            <param index="0">
              <value>
                <![CDATA[datatesting288@gmail.com]]>
              </value>
            </param>
            <param index="1">
              <value>
                <![CDATA[Testing@288]]>
              </value>
            </param>
          </params>
          <reporter-output>
          </reporter-output>
        </test-method> <!-- login -->
        <test-method signature="login(java.lang.String, java.lang.String)[pri:0, instance:Test.Login@3624da92]" started-at="2021-09-27T08:50:59 IST" name="login" data-provider="getdata" finished-at="2021-09-27T08:51:14 IST" duration-ms="15268" status="PASS">
          <params>
            <param index="0">
              <value>
                <![CDATA[invalidusername@gmail.com]]>
              </value>
            </param>
            <param index="1">
              <value>
                <![CDATA[Testing]]>
              </value>
            </param>
          </params>
          <reporter-output>
          </reporter-output>
        </test-method> <!-- login -->
      </class> <!-- Test.Login -->
      <class name="Test.DoubleBed">
        <test-method signature="doublebed()[pri:0, instance:Test.DoubleBed@1e044120]" started-at="2021-09-27T08:50:16 IST" name="doublebed" finished-at="2021-09-27T08:50:31 IST" duration-ms="15229" status="PASS">
          <reporter-output>
          </reporter-output>
        </test-method> <!-- doublebed -->
      </class> <!-- Test.DoubleBed -->
      <class name="Test.Stores">
        <test-method signature="stores()[pri:0, instance:Test.Stores@2b58f754]" started-at="2021-09-27T08:49:23 IST" name="stores" finished-at="2021-09-27T08:49:30 IST" duration-ms="6647" status="PASS">
          <reporter-output>
          </reporter-output>
        </test-method> <!-- stores -->
      </class> <!-- Test.Stores -->
      <class name="Test.WoodenSofa">
        <test-method signature="woodenSofa()[pri:0, instance:Test.WoodenSofa@5f3b9c57]" started-at="2021-09-27T08:50:06 IST" name="woodenSofa" finished-at="2021-09-27T08:50:16 IST" duration-ms="10079" status="PASS">
          <reporter-output>
          </reporter-output>
        </test-method> <!-- woodenSofa -->
      </class> <!-- Test.WoodenSofa -->
      <class name="Test.KidsBookShelf">
        <test-method signature="kidsbookShelf()[pri:0, instance:Test.KidsBookShelf@94f6bfb]" started-at="2021-09-27T08:51:28 IST" name="kidsbookShelf" finished-at="2021-09-27T08:51:37 IST" duration-ms="8258" status="PASS">
          <reporter-output>
          </reporter-output>
        </test-method> <!-- kidsbookShelf -->
      </class> <!-- Test.KidsBookShelf -->
      <class name="Test.Cart">
        <test-method signature="addtocart()[pri:0, instance:Test.Cart@35fe2125]" started-at="2021-09-27T08:51:14 IST" name="addtocart" finished-at="2021-09-27T08:51:28 IST" duration-ms="13986" status="PASS">
          <reporter-output>
          </reporter-output>
        </test-method> <!-- addtocart -->
      </class> <!-- Test.Cart -->
    </test> <!-- Test -->
  </suite> <!-- Suite -->
</testng-results>
