<?xml version="1.0" encoding="UTF-8"?>
<testng-results ignored="0" total="11" passed="11" failed="0" skipped="0">
  <reporter-output>
  </reporter-output>
  <suite started-at="2021-09-27T13:59:01 IST" name="Suite" finished-at="2021-09-27T14:01:12 IST" duration-ms="131360">
    <groups>
    </groups>
    <test started-at="2021-09-27T13:59:01 IST" name="Test" finished-at="2021-09-27T14:01:12 IST" duration-ms="131360">
      <class name="Test.TC010">
        <test-method signature="kidsbookShelf()[pri:0, instance:Test.TC010@94f6bfb]" started-at="2021-09-27T14:01:05 IST" name="kidsbookShelf" finished-at="2021-09-27T14:01:12 IST" duration-ms="7353" status="PASS">
          <reporter-output>
          </reporter-output>
        </test-method> <!-- kidsbookShelf -->
      </class> <!-- Test.TC010 -->
      <class name="Test.TC001">
        <test-method signature="login(java.lang.String, java.lang.String)[pri:0, instance:Test.TC001@2b58f754]" started-at="2021-09-27T13:59:01 IST" name="login" data-provider="getdata" finished-at="2021-09-27T13:59:16 IST" duration-ms="14960" status="PASS">
          <params>
            <param index="0">
              <value>
                <![CDATA[datatesting288@gmail.com]]>
              </value>
            </param>
            <param index="1">
              <value>
                <![CDATA[Testing@288]]>
              </value>
            </param>
          </params>
          <reporter-output>
          </reporter-output>
        </test-method> <!-- login -->
        <test-method signature="login(java.lang.String, java.lang.String)[pri:0, instance:Test.TC001@2b58f754]" started-at="2021-09-27T13:59:16 IST" name="login" data-provider="getdata" finished-at="2021-09-27T13:59:31 IST" duration-ms="14762" status="PASS">
          <params>
            <param index="0">
              <value>
                <![CDATA[invalidusername@gmail.com]]>
              </value>
            </param>
            <param index="1">
              <value>
                <![CDATA[Testing]]>
              </value>
            </param>
          </params>
          <reporter-output>
          </reporter-output>
        </test-method> <!-- login -->
      </class> <!-- Test.TC001 -->
      <class name="Test.TC002">
        <test-method signature="wishlist()[pri:0, instance:Test.TC002@3ebff828]" started-at="2021-09-27T13:59:31 IST" name="wishlist" finished-at="2021-09-27T13:59:49 IST" duration-ms="18728" status="PASS">
          <reporter-output>
          </reporter-output>
        </test-method> <!-- wishlist -->
      </class> <!-- Test.TC002 -->
      <class name="Test.TC003">
        <test-method signature="addtocart()[pri:0, instance:Test.TC003@2552f2cb]" started-at="2021-09-27T13:59:49 IST" name="addtocart" finished-at="2021-09-27T14:00:04 IST" duration-ms="15027" status="PASS">
          <reporter-output>
          </reporter-output>
        </test-method> <!-- addtocart -->
      </class> <!-- Test.TC003 -->
      <class name="Test.TC004">
        <test-method signature="bookshelf()[pri:0, instance:Test.TC004@33352f32]" started-at="2021-09-27T14:00:04 IST" name="bookshelf" finished-at="2021-09-27T14:00:16 IST" duration-ms="11245" status="PASS">
          <reporter-output>
          </reporter-output>
        </test-method> <!-- bookshelf -->
      </class> <!-- Test.TC004 -->
      <class name="Test.TC005">
        <test-method signature="doublebed()[pri:0, instance:Test.TC005@5f3b9c57]" started-at="2021-09-27T14:00:16 IST" name="doublebed" finished-at="2021-09-27T14:00:29 IST" duration-ms="13668" status="PASS">
          <reporter-output>
          </reporter-output>
        </test-method> <!-- doublebed -->
      </class> <!-- Test.TC005 -->
      <class name="Test.TC006">
        <test-method signature="gamingChair()[pri:0, instance:Test.TC006@1e044120]" started-at="2021-09-27T14:00:29 IST" name="gamingChair" finished-at="2021-09-27T14:00:36 IST" duration-ms="6646" status="PASS">
          <reporter-output>
          </reporter-output>
        </test-method> <!-- gamingChair -->
      </class> <!-- Test.TC006 -->
      <class name="Test.TC007">
        <test-method signature="stores()[pri:0, instance:Test.TC007@2cf23c81]" started-at="2021-09-27T14:00:36 IST" name="stores" finished-at="2021-09-27T14:00:43 IST" duration-ms="6912" status="PASS">
          <reporter-output>
          </reporter-output>
        </test-method> <!-- stores -->
      </class> <!-- Test.TC007 -->
      <class name="Test.TC008">
        <test-method signature="woodenSofa()[pri:0, instance:Test.TC008@3624da92]" started-at="2021-09-27T14:00:43 IST" name="woodenSofa" finished-at="2021-09-27T14:00:54 IST" duration-ms="10631" status="PASS">
          <reporter-output>
          </reporter-output>
        </test-method> <!-- woodenSofa -->
      </class> <!-- Test.TC008 -->
      <class name="Test.TC009">
        <test-method signature="navigate()[pri:0, instance:Test.TC009@35fe2125]" started-at="2021-09-27T14:00:54 IST" name="navigate" finished-at="2021-09-27T14:01:05 IST" duration-ms="10975" status="PASS">
          <reporter-output>
          </reporter-output>
        </test-method> <!-- navigate -->
      </class> <!-- Test.TC009 -->
    </test> <!-- Test -->
  </suite> <!-- Suite -->
</testng-results>
