<?xml version="1.0" encoding="UTF-8"?>
<testsuite xmlns:xsi="http://www.w3.org/2001/XMLSchema-instance" xsi:noNamespaceSchemaLocation="https://maven.apache.org/surefire/maven-surefire-plugin/xsd/surefire-test-report-3.0.xsd" version="3.0" name="TestSuite" time="134.883" tests="11" errors="0" skipped="0" failures="0">
  <properties>
[...]
</properties>
  <testcase name="stores" classname="Test.Stores" time="6.551">
    <system-out><![CDATA[2021-09-27 08:49:23,404 main DEBUG Apache Log4j Core 2.14.1 initializing configuration XmlConfiguration[location=C:\Users\Mrunal\eclipse-workspace\Hybrid\target\classes\log4j2.xml]
2021-09-27 08:49:23,411 main DEBUG Installed 1 script engine
2021-09-27 08:49:23,636 main DEBUG Oracle Nashorn version: 11.0.12, language: ECMAScript, threading: Not Thread Safe, compile: true, names: [nashorn, Nashorn, js, JS, JavaScript, javascript, ECMAScript, ecmascript], factory class: jdk.nashorn.api.scripting.NashornScriptEngineFactory
2021-09-27 08:49:23,636 main DEBUG PluginManager 'Core' found 122 plugins
2021-09-27 08:49:23,637 main DEBUG PluginManager 'Level' found 0 plugins
2021-09-27 08:49:23,641 main DEBUG Building Plugin[name=property, class=org.apache.logging.log4j.core.config.Property].
2021-09-27 08:49:23,651 main TRACE TypeConverterRegistry initializing.
2021-09-27 08:49:23,652 main DEBUG PluginManager 'TypeConverter' found 26 plugins
2021-09-27 08:49:23,659 main DEBUG createProperty(name="basePath", value="./logs")
2021-09-27 08:49:23,660 main DEBUG Building Plugin[name=properties, class=org.apache.logging.log4j.core.config.PropertiesPlugin].
2021-09-27 08:49:23,664 main DEBUG configureSubstitutor(={basePath=./logs}, Configuration(C:\Users\Mrunal\eclipse-workspace\Hybrid\target\classes\log4j2.xml))
2021-09-27 08:49:23,664 main DEBUG PluginManager 'Lookup' found 16 plugins
2021-09-27 08:49:23,665 main DEBUG Building Plugin[name=layout, class=org.apache.logging.log4j.core.layout.PatternLayout].
2021-09-27 08:49:23,669 main DEBUG PatternLayout$Builder(pattern="%d{HH:mm:ss.SSS} [%t] %-5level %logger{36} - %msg%n", PatternSelector=null, Configuration(C:\Users\Mrunal\eclipse-workspace\Hybrid\target\classes\log4j2.xml), Replace=null, charset="null", alwaysWriteExceptions="null", disableAnsi="null", noConsoleNoAnsi="null", header="null", footer="null")
2021-09-27 08:49:23,670 main DEBUG PluginManager 'Converter' found 44 plugins
2021-09-27 08:49:23,670 main DEBUG Building Plugin[name=SizeBasedTriggeringPolicy, class=org.apache.logging.log4j.core.appender.rolling.SizeBasedTriggeringPolicy].
2021-09-27 08:49:23,673 main DEBUG createPolicy(size="500")
2021-09-27 08:49:23,674 main DEBUG Building Plugin[name=appender, class=org.apache.logging.log4j.core.appender.RollingFileAppender].
2021-09-27 08:49:23,680 main DEBUG RollingFileAppender$Builder(fileName="./logs/prints.log", filePattern="./logs/prints-%d{yyyy-MM-dd}.log", append="null", locking="null", SizeBasedTriggeringPolicy(SizeBasedTriggeringPolicy(size=500)), Strategy=null, advertise="null", advertiseUri="null", createOnDemand="null", filePermissions="null", fileOwner="null", fileGroup="null", bufferedIo="null", bufferSize="null", immediateFlush="null", ignoreExceptions="null", PatternLayout(%d{HH:mm:ss.SSS} [%t] %-5level %logger{36} - %msg%n), name="File", Configuration(C:\Users\Mrunal\eclipse-workspace\Hybrid\target\classes\log4j2.xml), Filter=null, ={})
2021-09-27 08:49:23,687 main TRACE New file './logs/prints.log' created = true
2021-09-27 08:49:23,692 main DEBUG Returning file creation time for C:\Users\Mrunal\eclipse-workspace\Hybrid\.\logs\prints.log
2021-09-27 08:49:23,692 main DEBUG Starting RollingFileManager ./logs/prints.log
2021-09-27 08:49:23,694 main DEBUG PluginManager 'FileConverter' found 2 plugins
2021-09-27 08:49:23,706 main DEBUG Setting prev file time to 2021-09-27T08:49:23.687+0530
2021-09-27 08:49:23,706 main DEBUG Initializing triggering policy SizeBasedTriggeringPolicy(size=500)
2021-09-27 08:49:23,707 main DEBUG Building Plugin[name=layout, class=org.apache.logging.log4j.core.layout.PatternLayout].
2021-09-27 08:49:23,707 main DEBUG PatternLayout$Builder(pattern="%d{HH:mm:ss.SSS} [%t] %-5level %logger{36} - %msg%n", PatternSelector=null, Configuration(C:\Users\Mrunal\eclipse-workspace\Hybrid\target\classes\log4j2.xml), Replace=null, charset="null", alwaysWriteExceptions="null", disableAnsi="null", noConsoleNoAnsi="null", header="null", footer="null")
2021-09-27 08:49:23,708 main DEBUG Building Plugin[name=appender, class=org.apache.logging.log4j.core.appender.ConsoleAppender].
2021-09-27 08:49:23,710 main DEBUG ConsoleAppender$Builder(target="SYSTEM_OUT", follow="null", direct="null", bufferedIo="null", bufferSize="null", immediateFlush="null", ignoreExceptions="null", PatternLayout(%d{HH:mm:ss.SSS} [%t] %-5level %logger{36} - %msg%n), name="Console", Configuration(C:\Users\Mrunal\eclipse-workspace\Hybrid\target\classes\log4j2.xml), Filter=null, ={})
2021-09-27 08:49:23,712 main DEBUG Starting OutputStreamManager SYSTEM_OUT.false.false
2021-09-27 08:49:23,712 main DEBUG Building Plugin[name=appenders, class=org.apache.logging.log4j.core.config.AppendersPlugin].
2021-09-27 08:49:23,713 main DEBUG createAppenders(={File, Console})
2021-09-27 08:49:23,713 main DEBUG Building Plugin[name=AppenderRef, class=org.apache.logging.log4j.core.config.AppenderRef].
2021-09-27 08:49:23,714 main DEBUG createAppenderRef(ref="File", level="null", Filter=null)
2021-09-27 08:49:23,714 main DEBUG Building Plugin[name=logger, class=org.apache.logging.log4j.core.config.LoggerConfig].
2021-09-27 08:49:23,716 main DEBUG createLogger(additivity="false", level="INFO", name="Test.BookShelf", includeLocation="null", ={File}, ={}, Configuration(C:\Users\Mrunal\eclipse-workspace\Hybrid\target\classes\log4j2.xml), Filter=null)
2021-09-27 08:49:23,719 main DEBUG Building Plugin[name=AppenderRef, class=org.apache.logging.log4j.core.config.AppenderRef].
2021-09-27 08:49:23,719 main DEBUG createAppenderRef(ref="File", level="null", Filter=null)
2021-09-27 08:49:23,720 main DEBUG Building Plugin[name=logger, class=org.apache.logging.log4j.core.config.LoggerConfig].
2021-09-27 08:49:23,721 main DEBUG createLogger(additivity="false", level="INFO", name="Test.Cart", includeLocation="null", ={File}, ={}, Configuration(C:\Users\Mrunal\eclipse-workspace\Hybrid\target\classes\log4j2.xml), Filter=null)
2021-09-27 08:49:23,721 main DEBUG Building Plugin[name=AppenderRef, class=org.apache.logging.log4j.core.config.AppenderRef].
2021-09-27 08:49:23,724 main DEBUG createAppenderRef(ref="File", level="null", Filter=null)
2021-09-27 08:49:23,724 main DEBUG Building Plugin[name=logger, class=org.apache.logging.log4j.core.config.LoggerConfig].
2021-09-27 08:49:23,725 main DEBUG createLogger(additivity="false", level="INFO", name="Test.DoubleBed", includeLocation="null", ={File}, ={}, Configuration(C:\Users\Mrunal\eclipse-workspace\Hybrid\target\classes\log4j2.xml), Filter=null)
2021-09-27 08:49:23,726 main DEBUG Building Plugin[name=AppenderRef, class=org.apache.logging.log4j.core.config.AppenderRef].
2021-09-27 08:49:23,726 main DEBUG createAppenderRef(ref="File", level="null", Filter=null)
2021-09-27 08:49:23,726 main DEBUG Building Plugin[name=logger, class=org.apache.logging.log4j.core.config.LoggerConfig].
2021-09-27 08:49:23,727 main DEBUG createLogger(additivity="false", level="INFO", name="Test.GamingChair", includeLocation="null", ={File}, ={}, Configuration(C:\Users\Mrunal\eclipse-workspace\Hybrid\target\classes\log4j2.xml), Filter=null)
2021-09-27 08:49:23,727 main DEBUG Building Plugin[name=AppenderRef, class=org.apache.logging.log4j.core.config.AppenderRef].
2021-09-27 08:49:23,728 main DEBUG createAppenderRef(ref="File", level="null", Filter=null)
2021-09-27 08:49:23,728 main DEBUG Building Plugin[name=logger, class=org.apache.logging.log4j.core.config.LoggerConfig].
2021-09-27 08:49:23,728 main DEBUG createLogger(additivity="false", level="INFO", name="Test.KidsBookShelf", includeLocation="null", ={File}, ={}, Configuration(C:\Users\Mrunal\eclipse-workspace\Hybrid\target\classes\log4j2.xml), Filter=null)
2021-09-27 08:49:23,729 main DEBUG Building Plugin[name=AppenderRef, class=org.apache.logging.log4j.core.config.AppenderRef].
2021-09-27 08:49:23,729 main DEBUG createAppenderRef(ref="File", level="null", Filter=null)
2021-09-27 08:49:23,729 main DEBUG Building Plugin[name=logger, class=org.apache.logging.log4j.core.config.LoggerConfig].
2021-09-27 08:49:23,730 main DEBUG createLogger(additivity="false", level="INFO", name="Test.Login", includeLocation="null", ={File}, ={}, Configuration(C:\Users\Mrunal\eclipse-workspace\Hybrid\target\classes\log4j2.xml), Filter=null)
2021-09-27 08:49:23,730 main DEBUG Building Plugin[name=AppenderRef, class=org.apache.logging.log4j.core.config.AppenderRef].
2021-09-27 08:49:23,730 main DEBUG createAppenderRef(ref="File", level="null", Filter=null)
2021-09-27 08:49:23,731 main DEBUG Building Plugin[name=logger, class=org.apache.logging.log4j.core.config.LoggerConfig].
2021-09-27 08:49:23,731 main DEBUG createLogger(additivity="false", level="INFO", name="Test.Navigate", includeLocation="null", ={File}, ={}, Configuration(C:\Users\Mrunal\eclipse-workspace\Hybrid\target\classes\log4j2.xml), Filter=null)
2021-09-27 08:49:23,731 main DEBUG Building Plugin[name=AppenderRef, class=org.apache.logging.log4j.core.config.AppenderRef].
2021-09-27 08:49:23,732 main DEBUG createAppenderRef(ref="File", level="null", Filter=null)
2021-09-27 08:49:23,732 main DEBUG Building Plugin[name=logger, class=org.apache.logging.log4j.core.config.LoggerConfig].
2021-09-27 08:49:23,732 main DEBUG createLogger(additivity="false", level="INFO", name="Test.Stores", includeLocation="null", ={File}, ={}, Configuration(C:\Users\Mrunal\eclipse-workspace\Hybrid\target\classes\log4j2.xml), Filter=null)
2021-09-27 08:49:23,733 main DEBUG Building Plugin[name=AppenderRef, class=org.apache.logging.log4j.core.config.AppenderRef].
2021-09-27 08:49:23,733 main DEBUG createAppenderRef(ref="File", level="null", Filter=null)
2021-09-27 08:49:23,733 main DEBUG Building Plugin[name=logger, class=org.apache.logging.log4j.core.config.LoggerConfig].
2021-09-27 08:49:23,734 main DEBUG createLogger(additivity="false", level="INFO", name="Test.WishList", includeLocation="null", ={File}, ={}, Configuration(C:\Users\Mrunal\eclipse-workspace\Hybrid\target\classes\log4j2.xml), Filter=null)
2021-09-27 08:49:23,734 main DEBUG Building Plugin[name=AppenderRef, class=org.apache.logging.log4j.core.config.AppenderRef].
2021-09-27 08:49:23,734 main DEBUG createAppenderRef(ref="File", level="null", Filter=null)
2021-09-27 08:49:23,734 main DEBUG Building Plugin[name=logger, class=org.apache.logging.log4j.core.config.LoggerConfig].
2021-09-27 08:49:23,735 main DEBUG createLogger(additivity="false", level="INFO", name="Test.WoodenSofa", includeLocation="null", ={File}, ={}, Configuration(C:\Users\Mrunal\eclipse-workspace\Hybrid\target\classes\log4j2.xml), Filter=null)
2021-09-27 08:49:23,735 main DEBUG Building Plugin[name=loggers, class=org.apache.logging.log4j.core.config.LoggersPlugin].
2021-09-27 08:49:23,736 main DEBUG createLoggers(={Test.BookShelf, Test.Cart, Test.DoubleBed, Test.GamingChair, Test.KidsBookShelf, Test.Login, Test.Navigate, Test.Stores, Test.WishList, Test.WoodenSofa})
2021-09-27 08:49:23,736 main WARN No Root logger was configured, creating default ERROR-level Root logger with Console appender
2021-09-27 08:49:23,737 main DEBUG Starting OutputStreamManager SYSTEM_OUT.false.false-2
2021-09-27 08:49:23,737 main DEBUG Configuration XmlConfiguration[location=C:\Users\Mrunal\eclipse-workspace\Hybrid\target\classes\log4j2.xml] initialized
2021-09-27 08:49:23,738 main DEBUG Starting configuration XmlConfiguration[location=C:\Users\Mrunal\eclipse-workspace\Hybrid\target\classes\log4j2.xml]
2021-09-27 08:49:23,738 main DEBUG Started configuration XmlConfiguration[location=C:\Users\Mrunal\eclipse-workspace\Hybrid\target\classes\log4j2.xml] OK.
2021-09-27 08:49:23,739 main TRACE Stopping org.apache.logging.log4j.core.config.DefaultConfiguration@1349883...
2021-09-27 08:49:23,739 main TRACE DefaultConfiguration notified 1 ReliabilityStrategies that config will be stopped.
2021-09-27 08:49:23,739 main TRACE DefaultConfiguration stopping root LoggerConfig.
2021-09-27 08:49:23,739 main TRACE DefaultConfiguration notifying ReliabilityStrategies that appenders will be stopped.
2021-09-27 08:49:23,740 main TRACE DefaultConfiguration stopping remaining Appenders.
2021-09-27 08:49:23,740 main DEBUG Shutting down OutputStreamManager SYSTEM_OUT.false.false-1
2021-09-27 08:49:23,740 main DEBUG OutputStream closed
2021-09-27 08:49:23,740 main DEBUG Shut down OutputStreamManager SYSTEM_OUT.false.false-1, all resources released: true
2021-09-27 08:49:23,740 main DEBUG Appender DefaultConsole-1 stopped with status true
2021-09-27 08:49:23,740 main TRACE DefaultConfiguration stopped 1 remaining Appenders.
2021-09-27 08:49:23,741 main TRACE DefaultConfiguration cleaning Appenders from 1 LoggerConfigs.
2021-09-27 08:49:23,741 main DEBUG Stopped org.apache.logging.log4j.core.config.DefaultConfiguration@1349883 OK
2021-09-27 08:49:23,789 main TRACE Reregistering MBeans after reconfigure. Selector=org.apache.logging.log4j.core.selector.ClassLoaderContextSelector@180e6ac4
2021-09-27 08:49:23,789 main TRACE Reregistering context (1/1): '2cdf8d8a' org.apache.logging.log4j.core.LoggerContext@42b64ab8
2021-09-27 08:49:23,789 main TRACE Unregistering but no MBeans found matching 'org.apache.logging.log4j2:type=2cdf8d8a'
2021-09-27 08:49:23,789 main TRACE Unregistering but no MBeans found matching 'org.apache.logging.log4j2:type=2cdf8d8a,component=StatusLogger'
2021-09-27 08:49:23,790 main TRACE Unregistering but no MBeans found matching 'org.apache.logging.log4j2:type=2cdf8d8a,component=ContextSelector'
2021-09-27 08:49:23,790 main TRACE Unregistering but no MBeans found matching 'org.apache.logging.log4j2:type=2cdf8d8a,component=Loggers,name=*'
2021-09-27 08:49:23,791 main TRACE Unregistering but no MBeans found matching 'org.apache.logging.log4j2:type=2cdf8d8a,component=Appenders,name=*'
2021-09-27 08:49:23,791 main TRACE Unregistering but no MBeans found matching 'org.apache.logging.log4j2:type=2cdf8d8a,component=AsyncAppenders,name=*'
2021-09-27 08:49:23,791 main TRACE Unregistering but no MBeans found matching 'org.apache.logging.log4j2:type=2cdf8d8a,component=AsyncLoggerRingBuffer'
2021-09-27 08:49:23,791 main TRACE Unregistering but no MBeans found matching 'org.apache.logging.log4j2:type=2cdf8d8a,component=Loggers,name=*,subtype=RingBuffer'
2021-09-27 08:49:23,793 main DEBUG Registering MBean org.apache.logging.log4j2:type=2cdf8d8a
2021-09-27 08:49:23,795 main DEBUG Registering MBean org.apache.logging.log4j2:type=2cdf8d8a,component=StatusLogger
2021-09-27 08:49:23,796 main DEBUG Registering MBean org.apache.logging.log4j2:type=2cdf8d8a,component=ContextSelector
2021-09-27 08:49:23,797 main DEBUG Registering MBean org.apache.logging.log4j2:type=2cdf8d8a,component=Loggers,name=Test.GamingChair
2021-09-27 08:49:23,797 main DEBUG Registering MBean org.apache.logging.log4j2:type=2cdf8d8a,component=Loggers,name=Test.Navigate
2021-09-27 08:49:23,797 main DEBUG Registering MBean org.apache.logging.log4j2:type=2cdf8d8a,component=Loggers,name=Test.WishList
2021-09-27 08:49:23,797 main DEBUG Registering MBean org.apache.logging.log4j2:type=2cdf8d8a,component=Loggers,name=Test.BookShelf
2021-09-27 08:49:23,798 main DEBUG Registering MBean org.apache.logging.log4j2:type=2cdf8d8a,component=Loggers,name=Test.DoubleBed
2021-09-27 08:49:23,798 main DEBUG Registering MBean org.apache.logging.log4j2:type=2cdf8d8a,component=Loggers,name=Test.Login
2021-09-27 08:49:23,798 main DEBUG Registering MBean org.apache.logging.log4j2:type=2cdf8d8a,component=Loggers,name=Test.Stores
2021-09-27 08:49:23,798 main DEBUG Registering MBean org.apache.logging.log4j2:type=2cdf8d8a,component=Loggers,name=Test.WoodenSofa
2021-09-27 08:49:23,798 main DEBUG Registering MBean org.apache.logging.log4j2:type=2cdf8d8a,component=Loggers,name=Test.Cart
2021-09-27 08:49:23,799 main DEBUG Registering MBean org.apache.logging.log4j2:type=2cdf8d8a,component=Loggers,name=Test.KidsBookShelf
2021-09-27 08:49:23,799 main DEBUG Registering MBean org.apache.logging.log4j2:type=2cdf8d8a,component=Appenders,name=Console
2021-09-27 08:49:23,800 main DEBUG Registering MBean org.apache.logging.log4j2:type=2cdf8d8a,component=Appenders,name=DefaultConsole-2
2021-09-27 08:49:23,800 main DEBUG Registering MBean org.apache.logging.log4j2:type=2cdf8d8a,component=Appenders,name=File
2021-09-27 08:49:23,801 main TRACE Using default SystemClock for timestamps.
2021-09-27 08:49:23,802 main DEBUG org.apache.logging.log4j.core.util.SystemClock supports precise timestamps.
2021-09-27 08:49:23,802 main TRACE Using DummyNanoClock for nanosecond timestamps.
2021-09-27 08:49:23,802 main DEBUG Reconfiguration complete for context[name=2cdf8d8a] at URI C:\Users\Mrunal\eclipse-workspace\Hybrid\target\classes\log4j2.xml (org.apache.logging.log4j.core.LoggerContext@42b64ab8) with optional ClassLoader: null
2021-09-27 08:49:23,802 main DEBUG Shutdown hook enabled. Registering a new one.
2021-09-27 08:49:23,803 main DEBUG LoggerContext[name=2cdf8d8a, org.apache.logging.log4j.core.LoggerContext@42b64ab8] started OK.
]]></system-out>
    <system-err><![CDATA[Warning: Nashorn engine is planned to be removed from a future JDK release
Starting ChromeDriver 94.0.4606.41 (333e85df3c9b656b518b5f1add5ff246365b6c24-refs/branch-heads/4606@{#845}) on port 44937
Only local connections are allowed.
Please see https://chromedriver.chromium.org/security-considerations for suggestions on keeping ChromeDriver safe.
ChromeDriver was started successfully.
Sep 27, 2021 8:49:25 AM org.openqa.selenium.remote.ProtocolHandshake createSession
INFO: Detected dialect: W3C
]]></system-err>
  </testcase>
  <testcase name="navigate" classname="Test.Navigate" time="10.518">
    <system-out><![CDATA[2021-09-27 08:49:37,352 main DEBUG Formatting file name. useCurrentTime=false. currentFileTime=0, prevFileTime=0
2021-09-27 08:49:37,354 main DEBUG Formatting file name. useCurrentTime=false. currentFileTime=0, prevFileTime=0
2021-09-27 08:49:37,355 main TRACE DefaultRolloverStrategy.purge() took 3.0 milliseconds
2021-09-27 08:49:37,357 main DEBUG OutputStream closed
2021-09-27 08:49:37,358 main DEBUG RollingFileManager executing synchronous FileRenameAction[.\logs\prints.log to .\logs\prints-2021-09-27.log, renameEmptyFiles=false]
2021-09-27 08:49:37,365 main TRACE Renamed file C:\Users\Mrunal\eclipse-workspace\Hybrid\.\logs\prints.log to C:\Users\Mrunal\eclipse-workspace\Hybrid\.\logs\prints-2021-09-27.log with Files.move
2021-09-27 08:49:37,365 main DEBUG Now writing to ./logs/prints.log at 2021-09-27T08:49:37.365+0530
]]></system-out>
    <system-err><![CDATA[Starting ChromeDriver 94.0.4606.41 (333e85df3c9b656b518b5f1add5ff246365b6c24-refs/branch-heads/4606@{#845}) on port 40391
Only local connections are allowed.
Please see https://chromedriver.chromium.org/security-considerations for suggestions on keeping ChromeDriver safe.
ChromeDriver was started successfully.
Sep 27, 2021 8:49:31 AM org.openqa.selenium.remote.ProtocolHandshake createSession
INFO: Detected dialect: W3C
]]></system-err>
  </testcase>
  <testcase name="wishlist" classname="Test.WishList" time="19.075">
    <system-out><![CDATA[Twain Study Table
]]></system-out>
    <system-err><![CDATA[Starting ChromeDriver 94.0.4606.41 (333e85df3c9b656b518b5f1add5ff246365b6c24-refs/branch-heads/4606@{#845}) on port 10765
Only local connections are allowed.
Please see https://chromedriver.chromium.org/security-considerations for suggestions on keeping ChromeDriver safe.
ChromeDriver was started successfully.
Sep 27, 2021 8:49:42 AM org.openqa.selenium.remote.ProtocolHandshake createSession
INFO: Detected dialect: W3C
]]></system-err>
  </testcase>
  <testcase name="gamingChair" classname="Test.GamingChair" time="6.532">
    <system-out><![CDATA[Number of products:(3 Products)
Kasy Gaming Chair
Ashle Gaming Chair
Trissa Gaming Chair
]]></system-out>
    <system-err><![CDATA[Starting ChromeDriver 94.0.4606.41 (333e85df3c9b656b518b5f1add5ff246365b6c24-refs/branch-heads/4606@{#845}) on port 4992
Only local connections are allowed.
Please see https://chromedriver.chromium.org/security-considerations for suggestions on keeping ChromeDriver safe.
ChromeDriver was started successfully.
Sep 27, 2021 8:50:01 AM org.openqa.selenium.remote.ProtocolHandshake createSession
INFO: Detected dialect: W3C
]]></system-err>
  </testcase>
  <testcase name="woodenSofa" classname="Test.WoodenSofa" time="10.083">
    <system-out><![CDATA[2021-09-27 08:50:09,095 main DEBUG Formatting file name. useCurrentTime=false. currentFileTime=0, prevFileTime=0
2021-09-27 08:50:09,095 main DEBUG Formatting file name. useCurrentTime=false. currentFileTime=0, prevFileTime=0
2021-09-27 08:50:09,096 main TRACE DefaultRolloverStrategy.purge() took 0.0 milliseconds
2021-09-27 08:50:09,096 main DEBUG OutputStream closed
2021-09-27 08:50:09,096 main DEBUG RollingFileManager executing synchronous FileRenameAction[.\logs\prints.log to .\logs\prints-2021-09-27.log, renameEmptyFiles=false]
2021-09-27 08:50:09,097 main TRACE Renamed file C:\Users\Mrunal\eclipse-workspace\Hybrid\.\logs\prints.log to C:\Users\Mrunal\eclipse-workspace\Hybrid\.\logs\prints-2021-09-27.log with Files.move
2021-09-27 08:50:09,098 main DEBUG Now writing to ./logs/prints.log at 2021-09-27T08:50:09.097+0530
]]></system-out>
    <system-err><![CDATA[Starting ChromeDriver 94.0.4606.41 (333e85df3c9b656b518b5f1add5ff246365b6c24-refs/branch-heads/4606@{#845}) on port 12234
Only local connections are allowed.
Please see https://chromedriver.chromium.org/security-considerations for suggestions on keeping ChromeDriver safe.
ChromeDriver was started successfully.
Sep 27, 2021 8:50:07 AM org.openqa.selenium.remote.ProtocolHandshake createSession
INFO: Detected dialect: W3C
]]></system-err>
  </testcase>
  <testcase name="doublebed" classname="Test.DoubleBed" time="15.232">
    <system-out><![CDATA[2021-09-27 08:50:24,245 main DEBUG Formatting file name. useCurrentTime=false. currentFileTime=0, prevFileTime=0
2021-09-27 08:50:24,246 main DEBUG Formatting file name. useCurrentTime=false. currentFileTime=0, prevFileTime=0
2021-09-27 08:50:24,246 main TRACE DefaultRolloverStrategy.purge() took 0.0 milliseconds
2021-09-27 08:50:24,246 main DEBUG OutputStream closed
2021-09-27 08:50:24,246 main DEBUG RollingFileManager executing synchronous FileRenameAction[.\logs\prints.log to .\logs\prints-2021-09-27.log, renameEmptyFiles=false]
2021-09-27 08:50:24,247 main TRACE Renamed file C:\Users\Mrunal\eclipse-workspace\Hybrid\.\logs\prints.log to C:\Users\Mrunal\eclipse-workspace\Hybrid\.\logs\prints-2021-09-27.log with Files.move
2021-09-27 08:50:24,247 main DEBUG Now writing to ./logs/prints.log at 2021-09-27T08:50:24.247+0530
]]></system-out>
    <system-err><![CDATA[Starting ChromeDriver 94.0.4606.41 (333e85df3c9b656b518b5f1add5ff246365b6c24-refs/branch-heads/4606@{#845}) on port 31085
Only local connections are allowed.
Please see https://chromedriver.chromium.org/security-considerations for suggestions on keeping ChromeDriver safe.
ChromeDriver was started successfully.
Sep 27, 2021 8:50:17 AM org.openqa.selenium.remote.ProtocolHandshake createSession
INFO: Detected dialect: W3C
]]></system-err>
  </testcase>
  <testcase name="bookshelf" classname="Test.BookShelf" time="11.078">
    <system-out><![CDATA[2021-09-27 08:50:42,171 main DEBUG Formatting file name. useCurrentTime=false. currentFileTime=0, prevFileTime=0
2021-09-27 08:50:42,171 main DEBUG Formatting file name. useCurrentTime=false. currentFileTime=0, prevFileTime=0
2021-09-27 08:50:42,171 main TRACE DefaultRolloverStrategy.purge() took 0.0 milliseconds
2021-09-27 08:50:42,172 main DEBUG OutputStream closed
2021-09-27 08:50:42,172 main DEBUG RollingFileManager executing synchronous FileRenameAction[.\logs\prints.log to .\logs\prints-2021-09-27.log, renameEmptyFiles=false]
2021-09-27 08:50:42,173 main TRACE Renamed file C:\Users\Mrunal\eclipse-workspace\Hybrid\.\logs\prints.log to C:\Users\Mrunal\eclipse-workspace\Hybrid\.\logs\prints-2021-09-27.log with Files.move
2021-09-27 08:50:42,173 main DEBUG Now writing to ./logs/prints.log at 2021-09-27T08:50:42.173+0530
]]></system-out>
    <system-err><![CDATA[Starting ChromeDriver 94.0.4606.41 (333e85df3c9b656b518b5f1add5ff246365b6c24-refs/branch-heads/4606@{#845}) on port 6752
Only local connections are allowed.
Please see https://chromedriver.chromium.org/security-considerations for suggestions on keeping ChromeDriver safe.
ChromeDriver was started successfully.
Sep 27, 2021 8:50:33 AM org.openqa.selenium.remote.ProtocolHandshake createSession
INFO: Detected dialect: W3C
]]></system-err>
  </testcase>
  <testcase name="login[datatesting288@gmail.com, Testing@288](1)" classname="Test.Login" time="15.582">
    <system-err><![CDATA[Starting ChromeDriver 94.0.4606.41 (333e85df3c9b656b518b5f1add5ff246365b6c24-refs/branch-heads/4606@{#845}) on port 24338
Only local connections are allowed.
Please see https://chromedriver.chromium.org/security-considerations for suggestions on keeping ChromeDriver safe.
ChromeDriver was started successfully.
Sep 27, 2021 8:50:46 AM org.openqa.selenium.remote.ProtocolHandshake createSession
INFO: Detected dialect: W3C
]]></system-err>
  </testcase>
  <testcase name="login[invalidusername@gmail.com, Testing](2)" classname="Test.Login" time="15.275">
    <system-out><![CDATA[2021-09-27 08:51:14,130 main DEBUG Formatting file name. useCurrentTime=false. currentFileTime=0, prevFileTime=0
2021-09-27 08:51:14,131 main DEBUG Formatting file name. useCurrentTime=false. currentFileTime=0, prevFileTime=0
2021-09-27 08:51:14,131 main TRACE DefaultRolloverStrategy.purge() took 1.0 milliseconds
2021-09-27 08:51:14,131 main DEBUG OutputStream closed
2021-09-27 08:51:14,131 main DEBUG RollingFileManager executing synchronous FileRenameAction[.\logs\prints.log to .\logs\prints-2021-09-27.log, renameEmptyFiles=false]
2021-09-27 08:51:14,132 main TRACE Renamed file C:\Users\Mrunal\eclipse-workspace\Hybrid\.\logs\prints.log to C:\Users\Mrunal\eclipse-workspace\Hybrid\.\logs\prints-2021-09-27.log with Files.move
2021-09-27 08:51:14,133 main DEBUG Now writing to ./logs/prints.log at 2021-09-27T08:51:14.133+0530
]]></system-out>
    <system-err><![CDATA[Starting ChromeDriver 94.0.4606.41 (333e85df3c9b656b518b5f1add5ff246365b6c24-refs/branch-heads/4606@{#845}) on port 36937
Only local connections are allowed.
Please see https://chromedriver.chromium.org/security-considerations for suggestions on keeping ChromeDriver safe.
ChromeDriver was started successfully.
Sep 27, 2021 8:51:00 AM org.openqa.selenium.remote.ProtocolHandshake createSession
INFO: Detected dialect: W3C
]]></system-err>
  </testcase>
  <testcase name="addtocart" classname="Test.Cart" time="13.981">
    <system-err><![CDATA[Starting ChromeDriver 94.0.4606.41 (333e85df3c9b656b518b5f1add5ff246365b6c24-refs/branch-heads/4606@{#845}) on port 9095
Only local connections are allowed.
Please see https://chromedriver.chromium.org/security-considerations for suggestions on keeping ChromeDriver safe.
ChromeDriver was started successfully.
Sep 27, 2021 8:51:15 AM org.openqa.selenium.remote.ProtocolHandshake createSession
INFO: Detected dialect: W3C
]]></system-err>
  </testcase>
  <testcase name="kidsbookShelf" classname="Test.KidsBookShelf" time="8.264">
    <system-out><![CDATA[2021-09-27 08:51:34,950 main DEBUG Formatting file name. useCurrentTime=false. currentFileTime=0, prevFileTime=0
2021-09-27 08:51:34,950 main DEBUG Formatting file name. useCurrentTime=false. currentFileTime=0, prevFileTime=0
2021-09-27 08:51:34,951 main TRACE DefaultRolloverStrategy.purge() took 0.0 milliseconds
2021-09-27 08:51:34,952 main DEBUG OutputStream closed
2021-09-27 08:51:34,952 main DEBUG RollingFileManager executing synchronous FileRenameAction[.\logs\prints.log to .\logs\prints-2021-09-27.log, renameEmptyFiles=false]
2021-09-27 08:51:34,954 main TRACE Renamed file C:\Users\Mrunal\eclipse-workspace\Hybrid\.\logs\prints.log to C:\Users\Mrunal\eclipse-workspace\Hybrid\.\logs\prints-2021-09-27.log with Files.move
2021-09-27 08:51:34,954 main DEBUG Now writing to ./logs/prints.log at 2021-09-27T08:51:34.954+0530
]]></system-out>
    <system-err><![CDATA[Starting ChromeDriver 94.0.4606.41 (333e85df3c9b656b518b5f1add5ff246365b6c24-refs/branch-heads/4606@{#845}) on port 9789
Only local connections are allowed.
Please see https://chromedriver.chromium.org/security-considerations for suggestions on keeping ChromeDriver safe.
ChromeDriver was started successfully.
Sep 27, 2021 8:51:29 AM org.openqa.selenium.remote.ProtocolHandshake createSession
INFO: Detected dialect: W3C
]]></system-err>
  </testcase>
</testsuite>