<?xml version="1.0" encoding="UTF-8"?>
<testsuite xmlns:xsi="http://www.w3.org/2001/XMLSchema-instance" xsi:noNamespaceSchemaLocation="https://maven.apache.org/surefire/maven-surefire-plugin/xsd/surefire-test-report-3.0.xsd" version="3.0" name="TestSuite" time="132.792" tests="11" errors="0" skipped="0" failures="0">
  <properties>
[...]
</properties>
  <testcase name="login[datatesting288@gmail.com, Testing@288](1)" classname="Test.TC001" time="14.846">
    <system-out><![CDATA[2021-09-27 13:59:00,619 main DEBUG Apache Log4j Core 2.14.1 initializing configuration XmlConfiguration[location=C:\Users\Mrunal\eclipse-workspace\Hybrid\target\classes\log4j2.xml]
2021-09-27 13:59:00,625 main DEBUG Installed 1 script engine
2021-09-27 13:59:00,832 main DEBUG Oracle Nashorn version: 11.0.12, language: ECMAScript, threading: Not Thread Safe, compile: true, names: [nashorn, Nashorn, js, JS, JavaScript, javascript, ECMAScript, ecmascript], factory class: jdk.nashorn.api.scripting.NashornScriptEngineFactory
2021-09-27 13:59:00,832 main DEBUG PluginManager 'Core' found 122 plugins
2021-09-27 13:59:00,832 main DEBUG PluginManager 'Level' found 0 plugins
2021-09-27 13:59:00,836 main DEBUG Building Plugin[name=property, class=org.apache.logging.log4j.core.config.Property].
2021-09-27 13:59:00,845 main TRACE TypeConverterRegistry initializing.
2021-09-27 13:59:00,845 main DEBUG PluginManager 'TypeConverter' found 26 plugins
2021-09-27 13:59:00,851 main DEBUG createProperty(name="basePath", value="./logs")
2021-09-27 13:59:00,851 main DEBUG Building Plugin[name=properties, class=org.apache.logging.log4j.core.config.PropertiesPlugin].
2021-09-27 13:59:00,855 main DEBUG configureSubstitutor(={basePath=./logs}, Configuration(C:\Users\Mrunal\eclipse-workspace\Hybrid\target\classes\log4j2.xml))
2021-09-27 13:59:00,855 main DEBUG PluginManager 'Lookup' found 16 plugins
2021-09-27 13:59:00,855 main DEBUG Building Plugin[name=layout, class=org.apache.logging.log4j.core.layout.PatternLayout].
2021-09-27 13:59:00,859 main DEBUG PatternLayout$Builder(pattern="%d{HH:mm:ss.SSS} [%t] %-5level %logger{36} - %msg%n", PatternSelector=null, Configuration(C:\Users\Mrunal\eclipse-workspace\Hybrid\target\classes\log4j2.xml), Replace=null, charset="null", alwaysWriteExceptions="null", disableAnsi="null", noConsoleNoAnsi="null", header="null", footer="null")
2021-09-27 13:59:00,859 main DEBUG PluginManager 'Converter' found 44 plugins
2021-09-27 13:59:00,860 main DEBUG Building Plugin[name=SizeBasedTriggeringPolicy, class=org.apache.logging.log4j.core.appender.rolling.SizeBasedTriggeringPolicy].
2021-09-27 13:59:00,861 main DEBUG createPolicy(size="10000")
2021-09-27 13:59:00,863 main DEBUG Building Plugin[name=appender, class=org.apache.logging.log4j.core.appender.RollingFileAppender].
2021-09-27 13:59:00,868 main DEBUG RollingFileAppender$Builder(fileName="./logs/prints.log", filePattern="./logs/prints-%d{yyyy-MM-dd}.log", append="null", locking="null", SizeBasedTriggeringPolicy(SizeBasedTriggeringPolicy(size=10000)), Strategy=null, advertise="null", advertiseUri="null", createOnDemand="null", filePermissions="null", fileOwner="null", fileGroup="null", bufferedIo="null", bufferSize="null", immediateFlush="null", ignoreExceptions="null", PatternLayout(%d{HH:mm:ss.SSS} [%t] %-5level %logger{36} - %msg%n), name="File", Configuration(C:\Users\Mrunal\eclipse-workspace\Hybrid\target\classes\log4j2.xml), Filter=null, ={})
2021-09-27 13:59:00,875 main TRACE New file './logs/prints.log' created = true
2021-09-27 13:59:00,878 main DEBUG Returning file creation time for C:\Users\Mrunal\eclipse-workspace\Hybrid\.\logs\prints.log
2021-09-27 13:59:00,879 main DEBUG Starting RollingFileManager ./logs/prints.log
2021-09-27 13:59:00,880 main DEBUG PluginManager 'FileConverter' found 2 plugins
2021-09-27 13:59:00,892 main DEBUG Setting prev file time to 2021-09-27T13:59:00.875+0530
2021-09-27 13:59:00,892 main DEBUG Initializing triggering policy SizeBasedTriggeringPolicy(size=10000)
2021-09-27 13:59:00,892 main DEBUG Building Plugin[name=layout, class=org.apache.logging.log4j.core.layout.PatternLayout].
2021-09-27 13:59:00,893 main DEBUG PatternLayout$Builder(pattern="%d{HH:mm:ss.SSS} [%t] %-5level %logger{36} - %msg%n", PatternSelector=null, Configuration(C:\Users\Mrunal\eclipse-workspace\Hybrid\target\classes\log4j2.xml), Replace=null, charset="null", alwaysWriteExceptions="null", disableAnsi="null", noConsoleNoAnsi="null", header="null", footer="null")
2021-09-27 13:59:00,893 main DEBUG Building Plugin[name=appender, class=org.apache.logging.log4j.core.appender.ConsoleAppender].
2021-09-27 13:59:00,895 main DEBUG ConsoleAppender$Builder(target="SYSTEM_OUT", follow="null", direct="null", bufferedIo="null", bufferSize="null", immediateFlush="null", ignoreExceptions="null", PatternLayout(%d{HH:mm:ss.SSS} [%t] %-5level %logger{36} - %msg%n), name="Console", Configuration(C:\Users\Mrunal\eclipse-workspace\Hybrid\target\classes\log4j2.xml), Filter=null, ={})
2021-09-27 13:59:00,897 main DEBUG Starting OutputStreamManager SYSTEM_OUT.false.false
2021-09-27 13:59:00,897 main DEBUG Building Plugin[name=appenders, class=org.apache.logging.log4j.core.config.AppendersPlugin].
2021-09-27 13:59:00,897 main DEBUG createAppenders(={File, Console})
2021-09-27 13:59:00,897 main DEBUG Building Plugin[name=AppenderRef, class=org.apache.logging.log4j.core.config.AppenderRef].
2021-09-27 13:59:00,898 main DEBUG createAppenderRef(ref="File", level="null", Filter=null)
2021-09-27 13:59:00,898 main DEBUG Building Plugin[name=logger, class=org.apache.logging.log4j.core.config.LoggerConfig].
2021-09-27 13:59:00,900 main DEBUG createLogger(additivity="false", level="INFO", name="Test.BookShelf", includeLocation="null", ={File}, ={}, Configuration(C:\Users\Mrunal\eclipse-workspace\Hybrid\target\classes\log4j2.xml), Filter=null)
2021-09-27 13:59:00,902 main DEBUG Building Plugin[name=AppenderRef, class=org.apache.logging.log4j.core.config.AppenderRef].
2021-09-27 13:59:00,902 main DEBUG createAppenderRef(ref="File", level="null", Filter=null)
2021-09-27 13:59:00,903 main DEBUG Building Plugin[name=logger, class=org.apache.logging.log4j.core.config.LoggerConfig].
2021-09-27 13:59:00,904 main DEBUG createLogger(additivity="false", level="INFO", name="Test.Cart", includeLocation="null", ={File}, ={}, Configuration(C:\Users\Mrunal\eclipse-workspace\Hybrid\target\classes\log4j2.xml), Filter=null)
2021-09-27 13:59:00,904 main DEBUG Building Plugin[name=AppenderRef, class=org.apache.logging.log4j.core.config.AppenderRef].
2021-09-27 13:59:00,905 main DEBUG createAppenderRef(ref="File", level="null", Filter=null)
2021-09-27 13:59:00,905 main DEBUG Building Plugin[name=logger, class=org.apache.logging.log4j.core.config.LoggerConfig].
2021-09-27 13:59:00,906 main DEBUG createLogger(additivity="false", level="INFO", name="Test.DoubleBed", includeLocation="null", ={File}, ={}, Configuration(C:\Users\Mrunal\eclipse-workspace\Hybrid\target\classes\log4j2.xml), Filter=null)
2021-09-27 13:59:00,906 main DEBUG Building Plugin[name=AppenderRef, class=org.apache.logging.log4j.core.config.AppenderRef].
2021-09-27 13:59:00,906 main DEBUG createAppenderRef(ref="File", level="null", Filter=null)
2021-09-27 13:59:00,906 main DEBUG Building Plugin[name=logger, class=org.apache.logging.log4j.core.config.LoggerConfig].
2021-09-27 13:59:00,907 main DEBUG createLogger(additivity="false", level="INFO", name="Test.GamingChair", includeLocation="null", ={File}, ={}, Configuration(C:\Users\Mrunal\eclipse-workspace\Hybrid\target\classes\log4j2.xml), Filter=null)
2021-09-27 13:59:00,907 main DEBUG Building Plugin[name=AppenderRef, class=org.apache.logging.log4j.core.config.AppenderRef].
2021-09-27 13:59:00,908 main DEBUG createAppenderRef(ref="File", level="null", Filter=null)
2021-09-27 13:59:00,908 main DEBUG Building Plugin[name=logger, class=org.apache.logging.log4j.core.config.LoggerConfig].
2021-09-27 13:59:00,909 main DEBUG createLogger(additivity="false", level="INFO", name="Test.KidsBookShelf", includeLocation="null", ={File}, ={}, Configuration(C:\Users\Mrunal\eclipse-workspace\Hybrid\target\classes\log4j2.xml), Filter=null)
2021-09-27 13:59:00,909 main DEBUG Building Plugin[name=AppenderRef, class=org.apache.logging.log4j.core.config.AppenderRef].
2021-09-27 13:59:00,909 main DEBUG createAppenderRef(ref="File", level="null", Filter=null)
2021-09-27 13:59:00,910 main DEBUG Building Plugin[name=logger, class=org.apache.logging.log4j.core.config.LoggerConfig].
2021-09-27 13:59:00,910 main DEBUG createLogger(additivity="false", level="INFO", name="Test.Login", includeLocation="null", ={File}, ={}, Configuration(C:\Users\Mrunal\eclipse-workspace\Hybrid\target\classes\log4j2.xml), Filter=null)
2021-09-27 13:59:00,910 main DEBUG Building Plugin[name=AppenderRef, class=org.apache.logging.log4j.core.config.AppenderRef].
2021-09-27 13:59:00,911 main DEBUG createAppenderRef(ref="File", level="null", Filter=null)
2021-09-27 13:59:00,911 main DEBUG Building Plugin[name=logger, class=org.apache.logging.log4j.core.config.LoggerConfig].
2021-09-27 13:59:00,912 main DEBUG createLogger(additivity="false", level="INFO", name="Test.Navigate", includeLocation="null", ={File}, ={}, Configuration(C:\Users\Mrunal\eclipse-workspace\Hybrid\target\classes\log4j2.xml), Filter=null)
2021-09-27 13:59:00,912 main DEBUG Building Plugin[name=AppenderRef, class=org.apache.logging.log4j.core.config.AppenderRef].
2021-09-27 13:59:00,912 main DEBUG createAppenderRef(ref="File", level="null", Filter=null)
2021-09-27 13:59:00,912 main DEBUG Building Plugin[name=logger, class=org.apache.logging.log4j.core.config.LoggerConfig].
2021-09-27 13:59:00,913 main DEBUG createLogger(additivity="false", level="INFO", name="Test.Stores", includeLocation="null", ={File}, ={}, Configuration(C:\Users\Mrunal\eclipse-workspace\Hybrid\target\classes\log4j2.xml), Filter=null)
2021-09-27 13:59:00,913 main DEBUG Building Plugin[name=AppenderRef, class=org.apache.logging.log4j.core.config.AppenderRef].
2021-09-27 13:59:00,914 main DEBUG createAppenderRef(ref="File", level="null", Filter=null)
2021-09-27 13:59:00,914 main DEBUG Building Plugin[name=logger, class=org.apache.logging.log4j.core.config.LoggerConfig].
2021-09-27 13:59:00,914 main DEBUG createLogger(additivity="false", level="INFO", name="Test.WishList", includeLocation="null", ={File}, ={}, Configuration(C:\Users\Mrunal\eclipse-workspace\Hybrid\target\classes\log4j2.xml), Filter=null)
2021-09-27 13:59:00,915 main DEBUG Building Plugin[name=AppenderRef, class=org.apache.logging.log4j.core.config.AppenderRef].
2021-09-27 13:59:00,915 main DEBUG createAppenderRef(ref="File", level="null", Filter=null)
2021-09-27 13:59:00,915 main DEBUG Building Plugin[name=logger, class=org.apache.logging.log4j.core.config.LoggerConfig].
2021-09-27 13:59:00,916 main DEBUG createLogger(additivity="false", level="INFO", name="Test.WoodenSofa", includeLocation="null", ={File}, ={}, Configuration(C:\Users\Mrunal\eclipse-workspace\Hybrid\target\classes\log4j2.xml), Filter=null)
2021-09-27 13:59:00,916 main DEBUG Building Plugin[name=loggers, class=org.apache.logging.log4j.core.config.LoggersPlugin].
2021-09-27 13:59:00,916 main DEBUG createLoggers(={Test.BookShelf, Test.Cart, Test.DoubleBed, Test.GamingChair, Test.KidsBookShelf, Test.Login, Test.Navigate, Test.Stores, Test.WishList, Test.WoodenSofa})
2021-09-27 13:59:00,917 main WARN No Root logger was configured, creating default ERROR-level Root logger with Console appender
2021-09-27 13:59:00,917 main DEBUG Starting OutputStreamManager SYSTEM_OUT.false.false-2
2021-09-27 13:59:00,918 main DEBUG Configuration XmlConfiguration[location=C:\Users\Mrunal\eclipse-workspace\Hybrid\target\classes\log4j2.xml] initialized
2021-09-27 13:59:00,918 main DEBUG Starting configuration XmlConfiguration[location=C:\Users\Mrunal\eclipse-workspace\Hybrid\target\classes\log4j2.xml]
2021-09-27 13:59:00,918 main DEBUG Started configuration XmlConfiguration[location=C:\Users\Mrunal\eclipse-workspace\Hybrid\target\classes\log4j2.xml] OK.
2021-09-27 13:59:00,919 main TRACE Stopping org.apache.logging.log4j.core.config.DefaultConfiguration@1349883...
2021-09-27 13:59:00,919 main TRACE DefaultConfiguration notified 1 ReliabilityStrategies that config will be stopped.
2021-09-27 13:59:00,919 main TRACE DefaultConfiguration stopping root LoggerConfig.
2021-09-27 13:59:00,919 main TRACE DefaultConfiguration notifying ReliabilityStrategies that appenders will be stopped.
2021-09-27 13:59:00,919 main TRACE DefaultConfiguration stopping remaining Appenders.
2021-09-27 13:59:00,920 main DEBUG Shutting down OutputStreamManager SYSTEM_OUT.false.false-1
2021-09-27 13:59:00,920 main DEBUG OutputStream closed
2021-09-27 13:59:00,920 main DEBUG Shut down OutputStreamManager SYSTEM_OUT.false.false-1, all resources released: true
2021-09-27 13:59:00,920 main DEBUG Appender DefaultConsole-1 stopped with status true
2021-09-27 13:59:00,920 main TRACE DefaultConfiguration stopped 1 remaining Appenders.
2021-09-27 13:59:00,920 main TRACE DefaultConfiguration cleaning Appenders from 1 LoggerConfigs.
2021-09-27 13:59:00,921 main DEBUG Stopped org.apache.logging.log4j.core.config.DefaultConfiguration@1349883 OK
2021-09-27 13:59:00,968 main TRACE Reregistering MBeans after reconfigure. Selector=org.apache.logging.log4j.core.selector.ClassLoaderContextSelector@180e6ac4
2021-09-27 13:59:00,969 main TRACE Reregistering context (1/1): '2cdf8d8a' org.apache.logging.log4j.core.LoggerContext@42b64ab8
2021-09-27 13:59:00,969 main TRACE Unregistering but no MBeans found matching 'org.apache.logging.log4j2:type=2cdf8d8a'
2021-09-27 13:59:00,969 main TRACE Unregistering but no MBeans found matching 'org.apache.logging.log4j2:type=2cdf8d8a,component=StatusLogger'
2021-09-27 13:59:00,969 main TRACE Unregistering but no MBeans found matching 'org.apache.logging.log4j2:type=2cdf8d8a,component=ContextSelector'
2021-09-27 13:59:00,970 main TRACE Unregistering but no MBeans found matching 'org.apache.logging.log4j2:type=2cdf8d8a,component=Loggers,name=*'
2021-09-27 13:59:00,970 main TRACE Unregistering but no MBeans found matching 'org.apache.logging.log4j2:type=2cdf8d8a,component=Appenders,name=*'
2021-09-27 13:59:00,970 main TRACE Unregistering but no MBeans found matching 'org.apache.logging.log4j2:type=2cdf8d8a,component=AsyncAppenders,name=*'
2021-09-27 13:59:00,970 main TRACE Unregistering but no MBeans found matching 'org.apache.logging.log4j2:type=2cdf8d8a,component=AsyncLoggerRingBuffer'
2021-09-27 13:59:00,971 main TRACE Unregistering but no MBeans found matching 'org.apache.logging.log4j2:type=2cdf8d8a,component=Loggers,name=*,subtype=RingBuffer'
2021-09-27 13:59:00,972 main DEBUG Registering MBean org.apache.logging.log4j2:type=2cdf8d8a
2021-09-27 13:59:00,975 main DEBUG Registering MBean org.apache.logging.log4j2:type=2cdf8d8a,component=StatusLogger
2021-09-27 13:59:00,976 main DEBUG Registering MBean org.apache.logging.log4j2:type=2cdf8d8a,component=ContextSelector
2021-09-27 13:59:00,976 main DEBUG Registering MBean org.apache.logging.log4j2:type=2cdf8d8a,component=Loggers,name=Test.GamingChair
2021-09-27 13:59:00,977 main DEBUG Registering MBean org.apache.logging.log4j2:type=2cdf8d8a,component=Loggers,name=Test.Navigate
2021-09-27 13:59:00,977 main DEBUG Registering MBean org.apache.logging.log4j2:type=2cdf8d8a,component=Loggers,name=Test.WishList
2021-09-27 13:59:00,977 main DEBUG Registering MBean org.apache.logging.log4j2:type=2cdf8d8a,component=Loggers,name=Test.BookShelf
2021-09-27 13:59:00,978 main DEBUG Registering MBean org.apache.logging.log4j2:type=2cdf8d8a,component=Loggers,name=Test.DoubleBed
2021-09-27 13:59:00,978 main DEBUG Registering MBean org.apache.logging.log4j2:type=2cdf8d8a,component=Loggers,name=Test.Login
2021-09-27 13:59:00,978 main DEBUG Registering MBean org.apache.logging.log4j2:type=2cdf8d8a,component=Loggers,name=Test.Stores
2021-09-27 13:59:00,978 main DEBUG Registering MBean org.apache.logging.log4j2:type=2cdf8d8a,component=Loggers,name=Test.WoodenSofa
2021-09-27 13:59:00,978 main DEBUG Registering MBean org.apache.logging.log4j2:type=2cdf8d8a,component=Loggers,name=Test.Cart
2021-09-27 13:59:00,979 main DEBUG Registering MBean org.apache.logging.log4j2:type=2cdf8d8a,component=Loggers,name=Test.KidsBookShelf
2021-09-27 13:59:00,979 main DEBUG Registering MBean org.apache.logging.log4j2:type=2cdf8d8a,component=Appenders,name=Console
2021-09-27 13:59:00,980 main DEBUG Registering MBean org.apache.logging.log4j2:type=2cdf8d8a,component=Appenders,name=DefaultConsole-2
2021-09-27 13:59:00,980 main DEBUG Registering MBean org.apache.logging.log4j2:type=2cdf8d8a,component=Appenders,name=File
2021-09-27 13:59:00,981 main TRACE Using default SystemClock for timestamps.
2021-09-27 13:59:00,981 main DEBUG org.apache.logging.log4j.core.util.SystemClock supports precise timestamps.
2021-09-27 13:59:00,982 main TRACE Using DummyNanoClock for nanosecond timestamps.
2021-09-27 13:59:00,982 main DEBUG Reconfiguration complete for context[name=2cdf8d8a] at URI C:\Users\Mrunal\eclipse-workspace\Hybrid\target\classes\log4j2.xml (org.apache.logging.log4j.core.LoggerContext@42b64ab8) with optional ClassLoader: null
2021-09-27 13:59:00,982 main DEBUG Shutdown hook enabled. Registering a new one.
2021-09-27 13:59:00,983 main DEBUG LoggerContext[name=2cdf8d8a, org.apache.logging.log4j.core.LoggerContext@42b64ab8] started OK.
]]></system-out>
    <system-err><![CDATA[Warning: Nashorn engine is planned to be removed from a future JDK release
Starting ChromeDriver 94.0.4606.41 (333e85df3c9b656b518b5f1add5ff246365b6c24-refs/branch-heads/4606@{#845}) on port 41110
Only local connections are allowed.
Please see https://chromedriver.chromium.org/security-considerations for suggestions on keeping ChromeDriver safe.
ChromeDriver was started successfully.
Sep 27, 2021 1:59:03 PM org.openqa.selenium.remote.ProtocolHandshake createSession
INFO: Detected dialect: W3C
]]></system-err>
  </testcase>
  <testcase name="login[invalidusername@gmail.com, Testing](2)" classname="Test.TC001" time="14.76">
    <system-err><![CDATA[Starting ChromeDriver 94.0.4606.41 (333e85df3c9b656b518b5f1add5ff246365b6c24-refs/branch-heads/4606@{#845}) on port 5546
Only local connections are allowed.
Please see https://chromedriver.chromium.org/security-considerations for suggestions on keeping ChromeDriver safe.
ChromeDriver was started successfully.
Sep 27, 2021 1:59:17 PM org.openqa.selenium.remote.ProtocolHandshake createSession
INFO: Detected dialect: W3C
]]></system-err>
  </testcase>
  <testcase name="wishlist" classname="Test.TC002" time="18.735">
    <system-err><![CDATA[Starting ChromeDriver 94.0.4606.41 (333e85df3c9b656b518b5f1add5ff246365b6c24-refs/branch-heads/4606@{#845}) on port 45677
Only local connections are allowed.
Please see https://chromedriver.chromium.org/security-considerations for suggestions on keeping ChromeDriver safe.
ChromeDriver was started successfully.
Sep 27, 2021 1:59:32 PM org.openqa.selenium.remote.ProtocolHandshake createSession
INFO: Detected dialect: W3C
]]></system-err>
  </testcase>
  <testcase name="addtocart" classname="Test.TC003" time="15.028">
    <system-err><![CDATA[Starting ChromeDriver 94.0.4606.41 (333e85df3c9b656b518b5f1add5ff246365b6c24-refs/branch-heads/4606@{#845}) on port 24592
Only local connections are allowed.
Please see https://chromedriver.chromium.org/security-considerations for suggestions on keeping ChromeDriver safe.
ChromeDriver was started successfully.
Sep 27, 2021 1:59:50 PM org.openqa.selenium.remote.ProtocolHandshake createSession
INFO: Detected dialect: W3C
]]></system-err>
  </testcase>
  <testcase name="bookshelf" classname="Test.TC004" time="11.246">
    <system-err><![CDATA[Starting ChromeDriver 94.0.4606.41 (333e85df3c9b656b518b5f1add5ff246365b6c24-refs/branch-heads/4606@{#845}) on port 5569
Only local connections are allowed.
Please see https://chromedriver.chromium.org/security-considerations for suggestions on keeping ChromeDriver safe.
ChromeDriver was started successfully.
Sep 27, 2021 2:00:06 PM org.openqa.selenium.remote.ProtocolHandshake createSession
INFO: Detected dialect: W3C
]]></system-err>
  </testcase>
  <testcase name="doublebed" classname="Test.TC005" time="13.668">
    <system-err><![CDATA[Starting ChromeDriver 94.0.4606.41 (333e85df3c9b656b518b5f1add5ff246365b6c24-refs/branch-heads/4606@{#845}) on port 44741
Only local connections are allowed.
Please see https://chromedriver.chromium.org/security-considerations for suggestions on keeping ChromeDriver safe.
ChromeDriver was started successfully.
Sep 27, 2021 2:00:17 PM org.openqa.selenium.remote.ProtocolHandshake createSession
INFO: Detected dialect: W3C
]]></system-err>
  </testcase>
  <testcase name="gamingChair" classname="Test.TC006" time="6.644">
    <system-err><![CDATA[Starting ChromeDriver 94.0.4606.41 (333e85df3c9b656b518b5f1add5ff246365b6c24-refs/branch-heads/4606@{#845}) on port 38910
Only local connections are allowed.
Please see https://chromedriver.chromium.org/security-considerations for suggestions on keeping ChromeDriver safe.
ChromeDriver was started successfully.
Sep 27, 2021 2:00:30 PM org.openqa.selenium.remote.ProtocolHandshake createSession
INFO: Detected dialect: W3C
]]></system-err>
  </testcase>
  <testcase name="stores" classname="Test.TC007" time="6.913">
    <system-err><![CDATA[Starting ChromeDriver 94.0.4606.41 (333e85df3c9b656b518b5f1add5ff246365b6c24-refs/branch-heads/4606@{#845}) on port 39624
Only local connections are allowed.
Please see https://chromedriver.chromium.org/security-considerations for suggestions on keeping ChromeDriver safe.
ChromeDriver was started successfully.
Sep 27, 2021 2:00:37 PM org.openqa.selenium.remote.ProtocolHandshake createSession
INFO: Detected dialect: W3C
]]></system-err>
  </testcase>
  <testcase name="woodenSofa" classname="Test.TC008" time="10.632">
    <system-err><![CDATA[Starting ChromeDriver 94.0.4606.41 (333e85df3c9b656b518b5f1add5ff246365b6c24-refs/branch-heads/4606@{#845}) on port 20870
Only local connections are allowed.
Please see https://chromedriver.chromium.org/security-considerations for suggestions on keeping ChromeDriver safe.
ChromeDriver was started successfully.
Sep 27, 2021 2:00:44 PM org.openqa.selenium.remote.ProtocolHandshake createSession
INFO: Detected dialect: W3C
]]></system-err>
  </testcase>
  <testcase name="navigate" classname="Test.TC009" time="10.98">
    <system-err><![CDATA[Starting ChromeDriver 94.0.4606.41 (333e85df3c9b656b518b5f1add5ff246365b6c24-refs/branch-heads/4606@{#845}) on port 2554
Only local connections are allowed.
Please see https://chromedriver.chromium.org/security-considerations for suggestions on keeping ChromeDriver safe.
ChromeDriver was started successfully.
Sep 27, 2021 2:00:55 PM org.openqa.selenium.remote.ProtocolHandshake createSession
INFO: Detected dialect: W3C
]]></system-err>
  </testcase>
  <testcase name="kidsbookShelf" classname="Test.TC010" time="7.35">
    <system-err><![CDATA[Starting ChromeDriver 94.0.4606.41 (333e85df3c9b656b518b5f1add5ff246365b6c24-refs/branch-heads/4606@{#845}) on port 48965
Only local connections are allowed.
Please see https://chromedriver.chromium.org/security-considerations for suggestions on keeping ChromeDriver safe.
ChromeDriver was started successfully.
Sep 27, 2021 2:01:06 PM org.openqa.selenium.remote.ProtocolHandshake createSession
INFO: Detected dialect: W3C
]]></system-err>
  </testcase>
</testsuite>