<?xml version="1.0" encoding="UTF-8"?>
<!-- Generated by org.testng.reporters.JUnitXMLReporter -->
<testsuite ignored="0" hostname="LAPTOP-A4GKCSC0" failures="1" tests="11" name="Test" time="129.681" errors="0" timestamp="2021-09-27T09:38:30 IST">
  <testcase classname="Test.Stores" name="stores" time="8.311"/>
  <testcase classname="Test.Navigate" name="navigate" time="6.999">
    <failure type="java.util.NoSuchElementException">
      <![CDATA[java.util.NoSuchElementException
at java.base/java.util.LinkedHashMap$LinkedHashIterator.nextNode(LinkedHashMap.java:760)
at java.base/java.util.LinkedHashMap$LinkedKeyIterator.next(LinkedHashMap.java:780)
at Test.Navigate.navigate(Navigate.java:48)
at java.base/java.util.ArrayList.forEach(ArrayList.java:1511)
... Removed 27 stack frames]]>
    </failure>
  </testcase> <!-- navigate -->
  <testcase classname="Test.WishList" name="wishlist" time="19.252"/>
  <testcase classname="Test.GamingChair" name="gamingChair" time="6.781"/>
  <testcase classname="Test.WoodenSofa" name="woodenSofa" time="11.391"/>
  <testcase classname="Test.DoubleBed" name="doublebed" time="13.306"/>
  <testcase classname="Test.BookShelf" name="bookshelf" time="10.244"/>
  <testcase classname="Test.Login" name="login" time="14.5"/>
  <testcase classname="Test.Login" name="login" time="15.009"/>
  <testcase classname="Test.Cart" name="addtocart" time="14.305"/>
  <testcase classname="Test.KidsBookShelf" name="kidsbookShelf" time="8.567"/>
</testsuite> <!-- Test -->
