<?xml version="1.0" encoding="UTF-8"?>
<!-- Generated by org.testng.reporters.JUnitXMLReporter -->
<testsuite ignored="0" hostname="LAPTOP-A4GKCSC0" failures="0" tests="11" name="Test" time="133.237" errors="0" timestamp="2021-09-27T08:51:37 IST">
  <testcase classname="Test.Stores" name="stores" time="6.647"/>
  <testcase classname="Test.Navigate" name="navigate" time="10.516"/>
  <testcase classname="Test.WishList" name="wishlist" time="19.078"/>
  <testcase classname="Test.GamingChair" name="gamingChair" time="6.532"/>
  <testcase classname="Test.WoodenSofa" name="woodenSofa" time="10.079"/>
  <testcase classname="Test.DoubleBed" name="doublebed" time="15.229"/>
  <testcase classname="Test.BookShelf" name="bookshelf" time="11.08"/>
  <testcase classname="Test.Login" name="login" time="15.562"/>
  <testcase classname="Test.Login" name="login" time="15.268"/>
  <testcase classname="Test.Cart" name="addtocart" time="13.986"/>
  <testcase classname="Test.KidsBookShelf" name="kidsbookShelf" time="8.258"/>
</testsuite> <!-- Test -->
