<?xml version="1.0" encoding="UTF-8"?>
<!-- Generated by org.testng.reporters.JUnitXMLReporter -->
<testsuite ignored="0" hostname="LAPTOP-A4GKCSC0" failures="0" tests="11" name="Test" time="131.36" errors="0" timestamp="2021-09-27T14:01:12 IST">
  <testcase classname="Test.TC001" name="login" time="14.96"/>
  <testcase classname="Test.TC001" name="login" time="14.762"/>
  <testcase classname="Test.TC002" name="wishlist" time="18.728"/>
  <testcase classname="Test.TC003" name="addtocart" time="15.027"/>
  <testcase classname="Test.TC004" name="bookshelf" time="11.245"/>
  <testcase classname="Test.TC005" name="doublebed" time="13.668"/>
  <testcase classname="Test.TC006" name="gamingChair" time="6.646"/>
  <testcase classname="Test.TC007" name="stores" time="6.912"/>
  <testcase classname="Test.TC008" name="woodenSofa" time="10.631"/>
  <testcase classname="Test.TC009" name="navigate" time="10.975"/>
  <testcase classname="Test.TC010" name="kidsbookShelf" time="7.353"/>
</testsuite> <!-- Test -->
