<?xml version="1.0" encoding="UTF-8"?>
<testng-results ignored="0" total="1" passed="1" failed="0" skipped="0">
  <reporter-output>
  </reporter-output>
  <suite started-at="2021-09-27T19:50:12 IST" name="Suite" finished-at="2021-09-27T19:52:28 IST" duration-ms="135953">
    <groups>
      <group name="cucumber">
        <method signature="AbstractTestNGCucumberTests.feature(cucumber.api.testng.CucumberFeatureWrapper)[pri:0, instance:TestRunner.testrunner@2a266d09]" name="feature" class="cucumber.api.testng.AbstractTestNGCucumberTests"/>
      </group> <!-- cucumber -->
    </groups>
    <test started-at="2021-09-27T19:50:12 IST" name="Test" finished-at="2021-09-27T19:52:28 IST" duration-ms="135953">
      <class name="TestRunner.testrunner">
        <test-method is-config="true" signature="setUpClass()[pri:0, instance:TestRunner.testrunner@2a266d09]" started-at="2021-09-27T19:50:12 IST" name="setUpClass" finished-at="2021-09-27T19:50:12 IST" duration-ms="163" status="PASS">
          <reporter-output>
          </reporter-output>
        </test-method> <!-- setUpClass -->
        <test-method signature="feature(cucumber.api.testng.CucumberFeatureWrapper)[pri:0, instance:TestRunner.testrunner@2a266d09]" started-at="2021-09-27T19:50:12 IST" name="feature" description="Runs Cucumber Feature" data-provider="features" finished-at="2021-09-27T19:52:28 IST" duration-ms="135706" status="PASS">
          <params>
            <param index="0">
              <value>
                <![CDATA[Check functionality of UrbanLadder website]]>
              </value>
            </param>
          </params>
          <reporter-output>
          </reporter-output>
        </test-method> <!-- feature -->
        <test-method is-config="true" signature="tearDownClass()[pri:0, instance:TestRunner.testrunner@2a266d09]" started-at="2021-09-27T19:52:28 IST" name="tearDownClass" finished-at="2021-09-27T19:52:28 IST" duration-ms="3" status="PASS">
          <reporter-output>
          </reporter-output>
        </test-method> <!-- tearDownClass -->
      </class> <!-- TestRunner.testrunner -->
    </test> <!-- Test -->
  </suite> <!-- Suite -->
</testng-results>
