<?xml version="1.0" encoding="UTF-8"?>
<testng-results ignored="0" total="1" passed="1" failed="0" skipped="0">
  <reporter-output>
  </reporter-output>
  <suite started-at="2021-09-30T09:08:26 IST" name="Default suite" finished-at="2021-09-30T09:08:40 IST" duration-ms="13721">
    <groups>
    </groups>
    <test started-at="2021-09-30T09:08:26 IST" name="Default test" finished-at="2021-09-30T09:08:40 IST" duration-ms="13721">
      <class name="Test.TC004">
        <test-method signature="bookshelf()[pri:0, instance:Test.TC004@a87f8ec]" started-at="2021-09-30T09:08:26 IST" name="bookshelf" finished-at="2021-09-30T09:08:40 IST" duration-ms="13687" status="PASS">
          <reporter-output>
          </reporter-output>
        </test-method> <!-- bookshelf -->
      </class> <!-- Test.TC004 -->
    </test> <!-- Default test -->
  </suite> <!-- Default suite -->
</testng-results>
